<?xml version="1.0" encoding="UTF-8"?>
<testsuite xmlns:xsi="http://www.w3.org/2001/XMLSchema-instance" xsi:noNamespaceSchemaLocation="https://maven.apache.org/surefire/maven-surefire-plugin/xsd/surefire-test-report-3.0.xsd" version="3.0" name="spider.org.GreetingResourceTest" time="3.115" tests="1" errors="0" skipped="0" failures="1">
  <properties>
[...]
</properties>
  <testcase name="testHelloEndpoint" classname="spider.org.GreetingResourceTest" time="1.325">
    <failure type="java.lang.AssertionError"><![CDATA[java.lang.AssertionError: 
1 expectation failed.
Response body doesn't match expectation.
Expected: is "Hello from test"
  Actual: Hello from test from quarkus

	at spider.org.GreetingResourceTest.testHelloEndpoint(GreetingResourceTest.java:18)
]]></failure>
    <system-out><![CDATA[2022-04-28 23:00:23,671 INFO  [io.quarkus] (main) Quarkus 1.11.6.Final-redhat-00001 on JVM started in 1.470s. Listening on: http://localhost:8081
2022-04-28 23:00:23,688 INFO  [io.quarkus] (main) Profile test activated. 
2022-04-28 23:00:23,688 INFO  [io.quarkus] (main) Installed features: [cdi, resteasy]
]]></system-out>
  </testcase>
</testsuite>